<?xml version="1.0" encoding="UTF-8"?>
<testng-results skipped="0" failed="2" total="7" passed="5">
  <reporter-output>
  </reporter-output>
  <suite name="Default suite" duration-ms="112083" started-at="2019-08-28T19:09:03Z" finished-at="2019-08-28T19:10:55Z">
    <groups>
    </groups>
    <test name="Default test" duration-ms="112083" started-at="2019-08-28T19:09:03Z" finished-at="2019-08-28T19:10:55Z">
      <class name="application.SignUpTest">
        <test-method status="PASS" signature="setup()[pri:0, instance:application.SignUpTest@6cc4c815]" name="setup" is-config="true" duration-ms="15482" started-at="2019-08-29T01:09:03Z" finished-at="2019-08-29T01:09:19Z">
          <reporter-output>
          </reporter-output>
        </test-method> <!-- setup -->
        <test-method status="PASS" signature="noConfirmPasswordTest()[pri:0, instance:application.SignUpTest@6cc4c815]" name="noConfirmPasswordTest" duration-ms="1046" started-at="2019-08-29T01:09:19Z" finished-at="2019-08-29T01:09:20Z">
          <reporter-output>
          </reporter-output>
        </test-method> <!-- noConfirmPasswordTest -->
        <test-method status="PASS" signature="tearDown()[pri:0, instance:application.SignUpTest@6cc4c815]" name="tearDown" is-config="true" duration-ms="253" started-at="2019-08-29T01:09:20Z" finished-at="2019-08-29T01:09:20Z">
          <reporter-output>
          </reporter-output>
        </test-method> <!-- tearDown -->
        <test-method status="PASS" signature="setup()[pri:0, instance:application.SignUpTest@6cc4c815]" name="setup" is-config="true" duration-ms="14122" started-at="2019-08-29T01:09:20Z" finished-at="2019-08-29T01:09:34Z">
          <reporter-output>
          </reporter-output>
        </test-method> <!-- setup -->
        <test-method status="PASS" signature="noEmailTest()[pri:0, instance:application.SignUpTest@6cc4c815]" name="noEmailTest" duration-ms="943" started-at="2019-08-29T01:09:34Z" finished-at="2019-08-29T01:09:35Z">
          <reporter-output>
          </reporter-output>
        </test-method> <!-- noEmailTest -->
        <test-method status="PASS" signature="tearDown()[pri:0, instance:application.SignUpTest@6cc4c815]" name="tearDown" is-config="true" duration-ms="129" started-at="2019-08-29T01:09:35Z" finished-at="2019-08-29T01:09:35Z">
          <reporter-output>
          </reporter-output>
        </test-method> <!-- tearDown -->
        <test-method status="PASS" signature="setup()[pri:0, instance:application.SignUpTest@6cc4c815]" name="setup" is-config="true" duration-ms="13663" started-at="2019-08-29T01:09:35Z" finished-at="2019-08-29T01:09:49Z">
          <reporter-output>
          </reporter-output>
        </test-method> <!-- setup -->
        <test-method status="PASS" signature="noFirstNameTest()[pri:0, instance:application.SignUpTest@6cc4c815]" name="noFirstNameTest" duration-ms="1084" started-at="2019-08-29T01:09:49Z" finished-at="2019-08-29T01:09:50Z">
          <reporter-output>
          </reporter-output>
        </test-method> <!-- noFirstNameTest -->
        <test-method status="PASS" signature="tearDown()[pri:0, instance:application.SignUpTest@6cc4c815]" name="tearDown" is-config="true" duration-ms="125" started-at="2019-08-29T01:09:50Z" finished-at="2019-08-29T01:09:50Z">
          <reporter-output>
          </reporter-output>
        </test-method> <!-- tearDown -->
        <test-method status="PASS" signature="setup()[pri:0, instance:application.SignUpTest@6cc4c815]" name="setup" is-config="true" duration-ms="14049" started-at="2019-08-29T01:09:50Z" finished-at="2019-08-29T01:10:04Z">
          <reporter-output>
          </reporter-output>
        </test-method> <!-- setup -->
        <test-method status="PASS" signature="noInputTest()[pri:0, instance:application.SignUpTest@6cc4c815]" name="noInputTest" duration-ms="348" started-at="2019-08-29T01:10:04Z" finished-at="2019-08-29T01:10:05Z">
          <reporter-output>
          </reporter-output>
        </test-method> <!-- noInputTest -->
        <test-method status="PASS" signature="tearDown()[pri:0, instance:application.SignUpTest@6cc4c815]" name="tearDown" is-config="true" duration-ms="125" started-at="2019-08-29T01:10:05Z" finished-at="2019-08-29T01:10:05Z">
          <reporter-output>
          </reporter-output>
        </test-method> <!-- tearDown -->
        <test-method status="PASS" signature="setup()[pri:0, instance:application.SignUpTest@6cc4c815]" name="setup" is-config="true" duration-ms="13851" started-at="2019-08-29T01:10:05Z" finished-at="2019-08-29T01:10:19Z">
          <reporter-output>
          </reporter-output>
        </test-method> <!-- setup -->
        <test-method status="FAIL" signature="noLastNameTest()[pri:0, instance:application.SignUpTest@6cc4c815]" name="noLastNameTest" duration-ms="1037" started-at="2019-08-29T01:10:19Z" finished-at="2019-08-29T01:10:20Z">
          <exception class="java.lang.AssertionError">
            <message>
              <![CDATA[expected [The Last name field is required.] but found [The Last Name field is required.]]]>
            </message>
            <full-stacktrace>
              <![CDATA[java.lang.AssertionError: expected [The Last name field is required.] but found [The Last Name field is required.]
	at org.testng.Assert.fail(Assert.java:94)
	at org.testng.Assert.failNotEquals(Assert.java:513)
	at org.testng.Assert.assertEqualsImpl(Assert.java:135)
	at org.testng.Assert.assertEquals(Assert.java:116)
	at org.testng.Assert.assertEquals(Assert.java:190)
	at org.testng.Assert.assertEquals(Assert.java:200)
	at application.SignUpTest.scrollUpandGetWarningTextandAssert(SignUpTest.java:40)
	at application.SignUpTest.noLastNameTest(SignUpTest.java:75)
	at sun.reflect.NativeMethodAccessorImpl.invoke0(Native Method)
	at sun.reflect.NativeMethodAccessorImpl.invoke(Unknown Source)
	at sun.reflect.DelegatingMethodAccessorImpl.invoke(Unknown Source)
	at java.lang.reflect.Method.invoke(Unknown Source)
	at org.testng.internal.MethodInvocationHelper.invokeMethod(MethodInvocationHelper.java:100)
	at org.testng.internal.Invoker.invokeMethod(Invoker.java:646)
	at org.testng.internal.Invoker.invokeTestMethod(Invoker.java:811)
	at org.testng.internal.Invoker.invokeTestMethods(Invoker.java:1129)
	at org.testng.internal.TestMethodWorker.invokeTestMethods(TestMethodWorker.java:129)
	at org.testng.internal.TestMethodWorker.run(TestMethodWorker.java:112)
	at org.testng.TestRunner.privateRun(TestRunner.java:746)
	at org.testng.TestRunner.run(TestRunner.java:600)
	at org.testng.SuiteRunner.runTest(SuiteRunner.java:366)
	at org.testng.SuiteRunner.runSequentially(SuiteRunner.java:361)
	at org.testng.SuiteRunner.privateRun(SuiteRunner.java:319)
	at org.testng.SuiteRunner.run(SuiteRunner.java:268)
	at org.testng.SuiteRunnerWorker.runSuite(SuiteRunnerWorker.java:52)
	at org.testng.SuiteRunnerWorker.run(SuiteRunnerWorker.java:86)
	at org.testng.TestNG.runSuitesSequentially(TestNG.java:1264)
	at org.testng.TestNG.runSuitesLocally(TestNG.java:1189)
	at org.testng.TestNG.runSuites(TestNG.java:1104)
	at org.testng.TestNG.run(TestNG.java:1076)
	at org.testng.remote.AbstractRemoteTestNG.run(AbstractRemoteTestNG.java:126)
	at org.testng.remote.RemoteTestNG.initAndRun(RemoteTestNG.java:152)
	at org.testng.remote.RemoteTestNG.main(RemoteTestNG.java:57)
]]>
            </full-stacktrace>
          </exception> <!-- java.lang.AssertionError -->
          <reporter-output>
          </reporter-output>
        </test-method> <!-- noLastNameTest -->
        <test-method status="PASS" signature="tearDown()[pri:0, instance:application.SignUpTest@6cc4c815]" name="tearDown" is-config="true" duration-ms="191" started-at="2019-08-29T01:10:20Z" finished-at="2019-08-29T01:10:20Z">
          <reporter-output>
          </reporter-output>
        </test-method> <!-- tearDown -->
        <test-method status="PASS" signature="setup()[pri:0, instance:application.SignUpTest@6cc4c815]" name="setup" is-config="true" duration-ms="13838" started-at="2019-08-29T01:10:20Z" finished-at="2019-08-29T01:10:34Z">
          <reporter-output>
          </reporter-output>
        </test-method> <!-- setup -->
        <test-method status="PASS" signature="noPasswordTest()[pri:0, instance:application.SignUpTest@6cc4c815]" name="noPasswordTest" duration-ms="1178" started-at="2019-08-29T01:10:34Z" finished-at="2019-08-29T01:10:35Z">
          <reporter-output>
          </reporter-output>
        </test-method> <!-- noPasswordTest -->
        <test-method status="PASS" signature="tearDown()[pri:0, instance:application.SignUpTest@6cc4c815]" name="tearDown" is-config="true" duration-ms="219" started-at="2019-08-29T01:10:35Z" finished-at="2019-08-29T01:10:35Z">
          <reporter-output>
          </reporter-output>
        </test-method> <!-- tearDown -->
        <test-method status="PASS" signature="setup()[pri:0, instance:application.SignUpTest@6cc4c815]" name="setup" is-config="true" duration-ms="14166" started-at="2019-08-29T01:10:35Z" finished-at="2019-08-29T01:10:49Z">
          <reporter-output>
          </reporter-output>
        </test-method> <!-- setup -->
        <test-method status="FAIL" signature="noPhoneTest()[pri:0, instance:application.SignUpTest@6cc4c815]" name="noPhoneTest" duration-ms="6021" started-at="2019-08-29T01:10:49Z" finished-at="2019-08-29T01:10:55Z">
          <exception class="org.openqa.selenium.NoSuchElementException">
            <message>
              <![CDATA[no such element: Unable to locate element: {"method":"css selector","selector":"div.alert.alert-danger p"}
  (Session info: chrome=76.0.3809.132)
For documentation on this error, please visit: https://www.seleniumhq.org/exceptions/no_such_element.html
Build info: version: '3.141.59', revision: 'e82be7d358', time: '2018-11-14T08:25:48'
System info: host: 'DESKTOP-2NB5M8O', ip: '192.168.0.7', os.name: 'Windows 10', os.arch: 'amd64', os.version: '10.0', java.version: '1.8.0_181'
Driver info: org.openqa.selenium.chrome.ChromeDriver
Capabilities {acceptInsecureCerts: false, browserName: chrome, browserVersion: 76.0.3809.132, chrome: {chromedriverVersion: 76.0.3809.126 (d80a294506b4..., userDataDir: C:\Users\DELL\AppData\Local...}, goog:chromeOptions: {debuggerAddress: localhost:58182}, javascriptEnabled: true, networkConnectionEnabled: false, pageLoadStrategy: normal, platform: XP, platformName: XP, proxy: Proxy(), setWindowRect: true, strictFileInteractability: false, timeouts: {implicit: 0, pageLoad: 300000, script: 30000}, unhandledPromptBehavior: dismiss and notify}
Session ID: ac314e93dcd27dce579e5447b3aa2804
*** Element info: {Using=css selector, value=div.alert.alert-danger p}]]>
            </message>
            <full-stacktrace>
              <![CDATA[org.openqa.selenium.NoSuchElementException: no such element: Unable to locate element: {"method":"css selector","selector":"div.alert.alert-danger p"}
  (Session info: chrome=76.0.3809.132)
For documentation on this error, please visit: https://www.seleniumhq.org/exceptions/no_such_element.html
Build info: version: '3.141.59', revision: 'e82be7d358', time: '2018-11-14T08:25:48'
System info: host: 'DESKTOP-2NB5M8O', ip: '192.168.0.7', os.name: 'Windows 10', os.arch: 'amd64', os.version: '10.0', java.version: '1.8.0_181'
Driver info: org.openqa.selenium.chrome.ChromeDriver
Capabilities {acceptInsecureCerts: false, browserName: chrome, browserVersion: 76.0.3809.132, chrome: {chromedriverVersion: 76.0.3809.126 (d80a294506b4..., userDataDir: C:\Users\DELL\AppData\Local...}, goog:chromeOptions: {debuggerAddress: localhost:58182}, javascriptEnabled: true, networkConnectionEnabled: false, pageLoadStrategy: normal, platform: XP, platformName: XP, proxy: Proxy(), setWindowRect: true, strictFileInteractability: false, timeouts: {implicit: 0, pageLoad: 300000, script: 30000}, unhandledPromptBehavior: dismiss and notify}
Session ID: ac314e93dcd27dce579e5447b3aa2804
*** Element info: {Using=css selector, value=div.alert.alert-danger p}
	at sun.reflect.NativeConstructorAccessorImpl.newInstance0(Native Method)
	at sun.reflect.NativeConstructorAccessorImpl.newInstance(Unknown Source)
	at sun.reflect.DelegatingConstructorAccessorImpl.newInstance(Unknown Source)
	at java.lang.reflect.Constructor.newInstance(Unknown Source)
	at org.openqa.selenium.remote.http.W3CHttpResponseCodec.createException(W3CHttpResponseCodec.java:187)
	at org.openqa.selenium.remote.http.W3CHttpResponseCodec.decode(W3CHttpResponseCodec.java:122)
	at org.openqa.selenium.remote.http.W3CHttpResponseCodec.decode(W3CHttpResponseCodec.java:49)
	at org.openqa.selenium.remote.HttpCommandExecutor.execute(HttpCommandExecutor.java:158)
	at org.openqa.selenium.remote.service.DriverCommandExecutor.execute(DriverCommandExecutor.java:83)
	at org.openqa.selenium.remote.RemoteWebDriver.execute(RemoteWebDriver.java:552)
	at org.openqa.selenium.remote.RemoteWebDriver.findElement(RemoteWebDriver.java:323)
	at org.openqa.selenium.remote.RemoteWebDriver.findElementByCssSelector(RemoteWebDriver.java:420)
	at org.openqa.selenium.By$ByCssSelector.findElement(By.java:431)
	at org.openqa.selenium.remote.RemoteWebDriver.findElement(RemoteWebDriver.java:315)
	at application.SignUpTest.scrollUpandGetWarningTextandAssert(SignUpTest.java:38)
	at application.SignUpTest.noPhoneTest(SignUpTest.java:89)
	at sun.reflect.NativeMethodAccessorImpl.invoke0(Native Method)
	at sun.reflect.NativeMethodAccessorImpl.invoke(Unknown Source)
	at sun.reflect.DelegatingMethodAccessorImpl.invoke(Unknown Source)
	at java.lang.reflect.Method.invoke(Unknown Source)
	at org.testng.internal.MethodInvocationHelper.invokeMethod(MethodInvocationHelper.java:100)
	at org.testng.internal.Invoker.invokeMethod(Invoker.java:646)
	at org.testng.internal.Invoker.invokeTestMethod(Invoker.java:811)
	at org.testng.internal.Invoker.invokeTestMethods(Invoker.java:1129)
	at org.testng.internal.TestMethodWorker.invokeTestMethods(TestMethodWorker.java:129)
	at org.testng.internal.TestMethodWorker.run(TestMethodWorker.java:112)
	at org.testng.TestRunner.privateRun(TestRunner.java:746)
	at org.testng.TestRunner.run(TestRunner.java:600)
	at org.testng.SuiteRunner.runTest(SuiteRunner.java:366)
	at org.testng.SuiteRunner.runSequentially(SuiteRunner.java:361)
	at org.testng.SuiteRunner.privateRun(SuiteRunner.java:319)
	at org.testng.SuiteRunner.run(SuiteRunner.java:268)
	at org.testng.SuiteRunnerWorker.runSuite(SuiteRunnerWorker.java:52)
	at org.testng.SuiteRunnerWorker.run(SuiteRunnerWorker.java:86)
	at org.testng.TestNG.runSuitesSequentially(TestNG.java:1264)
	at org.testng.TestNG.runSuitesLocally(TestNG.java:1189)
	at org.testng.TestNG.runSuites(TestNG.java:1104)
	at org.testng.TestNG.run(TestNG.java:1076)
	at org.testng.remote.AbstractRemoteTestNG.run(AbstractRemoteTestNG.java:126)
	at org.testng.remote.RemoteTestNG.initAndRun(RemoteTestNG.java:152)
	at org.testng.remote.RemoteTestNG.main(RemoteTestNG.java:57)
]]>
            </full-stacktrace>
          </exception> <!-- org.openqa.selenium.NoSuchElementException -->
          <reporter-output>
          </reporter-output>
        </test-method> <!-- noPhoneTest -->
        <test-method status="PASS" signature="tearDown()[pri:0, instance:application.SignUpTest@6cc4c815]" name="tearDown" is-config="true" duration-ms="163" started-at="2019-08-29T01:10:55Z" finished-at="2019-08-29T01:10:55Z">
          <reporter-output>
          </reporter-output>
        </test-method> <!-- tearDown -->
      </class> <!-- application.SignUpTest -->
    </test> <!-- Default test -->
  </suite> <!-- Default suite -->
</testng-results>
